#
# A fatal error has been detected by the Java Runtime Environment:
#
#  Internal Error (vmThread.cpp:658), pid=9176, tid=0x0000000000002d03
#  fatal error: Nested VM operation CollectForMetadataAllocation requested by operation ChangeBreakpoints
#
# JRE version: Java(TM) SE Runtime Environment (8.0_151-b12) (build 1.8.0_151-b12)
# Java VM: Java HotSpot(TM) 64-Bit Server VM (25.151-b12 mixed mode bsd-amd64 compressed oops)
# Failed to write core dump. Core dumps have been disabled. To enable core dumping, try "ulimit -c unlimited" before starting Java again
#
# If you would like to submit a bug report, please visit:
#   http://bugreport.java.com/bugreport/crash.jsp
#

---------------  T H R E A D  ---------------

Current thread (0x00007ff75100a000):  VMThread [stack: 0x0000700000953000,0x0000700000a53000] [id=11523]

Stack: [0x0000700000953000,0x0000700000a53000],  sp=0x0000700000a52310,  free space=1020k
Native frames: (J=compiled Java code, j=interpreted, Vv=VM code, C=native code)
V  [libjvm.dylib+0x5b1f96]
V  [libjvm.dylib+0x1e8615]
V  [libjvm.dylib+0x5b8b0a]
V  [libjvm.dylib+0x1a0b20]
V  [libjvm.dylib+0x449bd4]
V  [libjvm.dylib+0x453d1a]
V  [libjvm.dylib+0x450ae5]
V  [libjvm.dylib+0x452731]
V  [libjvm.dylib+0x45278e]
V  [libjvm.dylib+0x450cdd]
V  [libjvm.dylib+0x39ac0e]
V  [libjvm.dylib+0x5b9b29]
V  [libjvm.dylib+0x5b8195]
V  [libjvm.dylib+0x5b85e2]
V  [libjvm.dylib+0x5b7f01]
V  [libjvm.dylib+0x48bbb2]
C  [libsystem_pthread.dylib+0x3661]  _pthread_body+0x154
C  [libsystem_pthread.dylib+0x350d]  _pthread_body+0x0
C  [libsystem_pthread.dylib+0x2bf9]  thread_start+0xd

VM_Operation (0x0000700000e5e900): ChangeBreakpoints, mode: safepoint, requested by thread 0x00007ff750816800


---------------  P R O C E S S  ---------------

Java Threads: ( => current thread )
  0x00007ff750cba800 JavaThread "Exec Stream Pumper" daemon [_thread_in_native, id=22531, stack(0x00007000019ae000,0x0000700001aae000)]
  0x00007ff750be4800 JavaThread "Exec Stream Pumper" daemon [_thread_in_native, id=42499, stack(0x00007000018ab000,0x00007000019ab000)]
  0x00007ff750bba800 JavaThread "process reaper" daemon [_thread_in_native, id=42755, stack(0x0000700001880000,0x00007000018a8000)]
  0x00007ff7522bd000 JavaThread "UrlChecker-2" daemon [_thread_blocked, id=43267, stack(0x000070000177d000,0x000070000187d000)]
  0x00007ff7522b7800 JavaThread "Exec Default Executor" daemon [_thread_blocked, id=16387, stack(0x000070000167a000,0x000070000177a000)]
  0x00007ff751930800 JavaThread "ReaderThread" [_thread_in_native, id=15875, stack(0x0000700001577000,0x0000700001677000)]
  0x00007ff750823000 JavaThread "Service Thread" daemon [_thread_blocked, id=15107, stack(0x0000700001371000,0x0000700001471000)]
  0x00007ff750818000 JavaThread "C1 CompilerThread2" daemon [_thread_blocked, id=14595, stack(0x000070000126e000,0x000070000136e000)]
  0x00007ff750828800 JavaThread "C2 CompilerThread1" daemon [_thread_blocked, id=17155, stack(0x000070000116b000,0x000070000126b000)]
  0x00007ff75100a800 JavaThread "C2 CompilerThread0" daemon [_thread_blocked, id=17667, stack(0x0000700001068000,0x0000700001168000)]
  0x00007ff751843000 JavaThread "JDWP Command Reader" daemon [_thread_in_native, id=14339, stack(0x0000700000f65000,0x0000700001065000)]
  0x00007ff750813000 JavaThread "JDWP Event Helper Thread" daemon [_thread_blocked, id=13827, stack(0x0000700000e62000,0x0000700000f62000)]
  0x00007ff750816800 JavaThread "JDWP Transport Listener: dt_socket" daemon [_thread_blocked, id=13575, stack(0x0000700000d5f000,0x0000700000e5f000)]
  0x00007ff751029800 JavaThread "Signal Dispatcher" daemon [_thread_blocked, id=18443, stack(0x0000700000c5c000,0x0000700000d5c000)]
  0x00007ff750812800 JavaThread "Finalizer" daemon [_thread_blocked, id=20739, stack(0x0000700000b59000,0x0000700000c59000)]
  0x00007ff75080f800 JavaThread "Reference Handler" daemon [_thread_blocked, id=12035, stack(0x0000700000a56000,0x0000700000b56000)]
  0x00007ff752009000 JavaThread "main" [_thread_blocked, id=10243, stack(0x0000700000444000,0x0000700000544000)]

Other Threads:
=>0x00007ff75100a000 VMThread [stack: 0x0000700000953000,0x0000700000a53000] [id=11523]
  0x00007ff75102b000 WatcherThread [stack: 0x0000700001474000,0x0000700001574000] [id=16643]

VM state:at safepoint (normal execution)

VM Mutex/Monitor currently owned by a thread:  ([mutex/lock_event])
[0x00007ff7507022a0] Threads_lock - owner thread: 0x00007ff75100a000

Heap:
 PSYoungGen      total 76288K, used 66700K [0x000000076ab00000, 0x0000000770000000, 0x00000007c0000000)
  eden space 65536K, 90% used [0x000000076ab00000,0x000000076e5290f0,0x000000076eb00000)
  from space 10752K, 66% used [0x000000076eb00000,0x000000076f1fa2b0,0x000000076f580000)
  to   space 10752K, 0% used [0x000000076f580000,0x000000076f580000,0x0000000770000000)
 ParOldGen       total 175104K, used 80K [0x00000006c0000000, 0x00000006cab00000, 0x000000076ab00000)
  object space 175104K, 0% used [0x00000006c0000000,0x00000006c0014010,0x00000006cab00000)
 Metaspace       used 20740K, capacity 21060K, committed 21248K, reserved 1067008K
  class space    used 2810K, capacity 2970K, committed 3072K, reserved 1048576K

Card table byte_map: [0x000000010e167000,0x000000010e968000] byte_map_base: 0x000000010ab67000

Marking Bits: (ParMarkBitMap*) 0x000000010d6f35d0
 Begin Bits: [0x000000010eebe000, 0x0000000112ebe000)
 End Bits:   [0x0000000112ebe000, 0x0000000116ebe000)

Polling page: 0x000000010c4ec000

CodeCache: size=245760Kb used=6130Kb max_used=6130Kb free=239629Kb
 bounds [0x000000011ad01000, 0x000000011b311000, 0x0000000129d01000]
 total_blobs=2173 nmethods=1767 adapters=327
 compilation: enabled

Compilation events (10 events):
Event: 9.901 Thread 0x00007ff750818000 1764       3       com.google.gson.reflect.TypeToken::<init> (41 bytes)
Event: 9.901 Thread 0x00007ff750818000 nmethod 1764 0x000000011b2faf90 code [0x000000011b2fb140, 0x000000011b2fb5b8]
Event: 9.901 Thread 0x00007ff750818000 1767       3       java.lang.ThreadLocal$ThreadLocalMap::set (136 bytes)
Event: 9.902 Thread 0x00007ff750818000 nmethod 1767 0x000000011b2fb810 code [0x000000011b2fba20, 0x000000011b2fc568]
Event: 9.902 Thread 0x00007ff750818000 1766       3       java.lang.ThreadLocal$ThreadLocalMap::access$100 (7 bytes)
Event: 9.902 Thread 0x00007ff750818000 nmethod 1766 0x000000011b2fcb90 code [0x000000011b2fcd00, 0x000000011b2fce88]
Event: 9.902 Thread 0x00007ff750818000 1761       3       com.google.gson.stream.JsonWriter::push (58 bytes)
Event: 9.903 Thread 0x00007ff750818000 nmethod 1761 0x000000011b2fcf50 code [0x000000011b2fd0c0, 0x000000011b2fd3a8]
Event: 9.903 Thread 0x00007ff750818000 1762       3       com.google.gson.internal.Excluder::excludeClass (129 bytes)
Event: 9.904 Thread 0x00007ff750818000 nmethod 1762 0x000000011b2fd510 code [0x000000011b2fd980, 0x000000011b300388]

GC Heap History (2 events):
Event: 1.082 GC heap before
{Heap before GC invocations=1 (full 0):
 PSYoungGen      total 76288K, used 65536K [0x000000076ab00000, 0x0000000770000000, 0x00000007c0000000)
  eden space 65536K, 100% used [0x000000076ab00000,0x000000076eb00000,0x000000076eb00000)
  from space 10752K, 0% used [0x000000076f580000,0x000000076f580000,0x0000000770000000)
  to   space 10752K, 0% used [0x000000076eb00000,0x000000076eb00000,0x000000076f580000)
 ParOldGen       total 175104K, used 0K [0x00000006c0000000, 0x00000006cab00000, 0x000000076ab00000)
  object space 175104K, 0% used [0x00000006c0000000,0x00000006c0000000,0x00000006cab00000)
 Metaspace       used 12060K, capacity 12200K, committed 12416K, reserved 1060864K
  class space    used 1629K, capacity 1654K, committed 1664K, reserved 1048576K
Event: 1.089 GC heap after
Heap after GC invocations=1 (full 0):
 PSYoungGen      total 76288K, used 7144K [0x000000076ab00000, 0x0000000770000000, 0x00000007c0000000)
  eden space 65536K, 0% used [0x000000076ab00000,0x000000076ab00000,0x000000076eb00000)
  from space 10752K, 66% used [0x000000076eb00000,0x000000076f1fa2b0,0x000000076f580000)
  to   space 10752K, 0% used [0x000000076f580000,0x000000076f580000,0x0000000770000000)
 ParOldGen       total 175104K, used 80K [0x00000006c0000000, 0x00000006cab00000, 0x000000076ab00000)
  object space 175104K, 0% used [0x00000006c0000000,0x00000006c0014010,0x00000006cab00000)
 Metaspace       used 12060K, capacity 12200K, committed 12416K, reserved 1060864K
  class space    used 1629K, capacity 1654K, committed 1664K, reserved 1048576K
}

Deoptimization events (10 events):
Event: 5.640 Thread 0x00007ff752009000 Uncommon trap: reason=unhandled action=none pc=0x000000011b22d49c method=java.net.URLClassLoader.findClass(Ljava/lang/String;)Ljava/lang/Class; @ 44
Event: 5.640 Thread 0x00007ff752009000 Uncommon trap: reason=unhandled action=none pc=0x000000011b22d49c method=java.net.URLClassLoader.findClass(Ljava/lang/String;)Ljava/lang/Class; @ 44
Event: 5.641 Thread 0x00007ff752009000 Uncommon trap: reason=unhandled action=none pc=0x000000011b22d49c method=java.net.URLClassLoader.findClass(Ljava/lang/String;)Ljava/lang/Class; @ 44
Event: 7.650 Thread 0x00007ff752009000 Uncommon trap: reason=unhandled action=none pc=0x000000011b22d49c method=java.net.URLClassLoader.findClass(Ljava/lang/String;)Ljava/lang/Class; @ 44
Event: 7.651 Thread 0x00007ff752009000 Uncommon trap: reason=unhandled action=none pc=0x000000011b22d49c method=java.net.URLClassLoader.findClass(Ljava/lang/String;)Ljava/lang/Class; @ 44
Event: 7.652 Thread 0x00007ff752009000 Uncommon trap: reason=unhandled action=none pc=0x000000011b22d49c method=java.net.URLClassLoader.findClass(Ljava/lang/String;)Ljava/lang/Class; @ 44
Event: 7.652 Thread 0x00007ff752009000 Uncommon trap: reason=unhandled action=none pc=0x000000011b22d49c method=java.net.URLClassLoader.findClass(Ljava/lang/String;)Ljava/lang/Class; @ 44
Event: 7.653 Thread 0x00007ff752009000 Uncommon trap: reason=unhandled action=none pc=0x000000011b22d49c method=java.net.URLClassLoader.findClass(Ljava/lang/String;)Ljava/lang/Class; @ 44
Event: 7.653 Thread 0x00007ff752009000 Uncommon trap: reason=unhandled action=none pc=0x000000011b22d49c method=java.net.URLClassLoader.findClass(Ljava/lang/String;)Ljava/lang/Class; @ 44
Event: 9.901 Thread 0x00007ff752009000 Uncommon trap: reason=unhandled action=none pc=0x000000011b22d49c method=java.net.URLClassLoader.findClass(Ljava/lang/String;)Ljava/lang/Class; @ 44

Internal exceptions (10 events):
Event: 8.215 Thread 0x00007ff752009000 Exception <a 'java/net/SocketTimeoutException': Read timed out> (0x000000076e457a10) thrown at [/Users/java_re/workspace/8-2-build-macosx-x86_64/jdk8u151/9699/hotspot/src/share/vm/prims/jni.cpp, line 735]
Event: 8.229 Thread 0x00007ff752009000 Exception <a 'java/net/SocketTimeoutException': Read timed out> (0x000000076e46a568) thrown at [/Users/java_re/workspace/8-2-build-macosx-x86_64/jdk8u151/9699/hotspot/src/share/vm/prims/jni.cpp, line 735]
Event: 8.281 Thread 0x00007ff752009000 Exception <a 'java/net/SocketTimeoutException': Read timed out> (0x000000076e47cf50) thrown at [/Users/java_re/workspace/8-2-build-macosx-x86_64/jdk8u151/9699/hotspot/src/share/vm/prims/jni.cpp, line 735]
Event: 8.295 Thread 0x00007ff752009000 Exception <a 'java/net/SocketTimeoutException': Read timed out> (0x000000076e48fa70) thrown at [/Users/java_re/workspace/8-2-build-macosx-x86_64/jdk8u151/9699/hotspot/src/share/vm/prims/jni.cpp, line 735]
Event: 8.344 Thread 0x00007ff752009000 Exception <a 'java/net/SocketTimeoutException': Read timed out> (0x000000076e4a25b8) thrown at [/Users/java_re/workspace/8-2-build-macosx-x86_64/jdk8u151/9699/hotspot/src/share/vm/prims/jni.cpp, line 735]
Event: 8.357 Thread 0x00007ff752009000 Exception <a 'java/net/SocketTimeoutException': Read timed out> (0x000000076e4b5118) thrown at [/Users/java_re/workspace/8-2-build-macosx-x86_64/jdk8u151/9699/hotspot/src/share/vm/prims/jni.cpp, line 735]
Event: 8.408 Thread 0x00007ff752009000 Exception <a 'java/net/SocketTimeoutException': Read timed out> (0x000000076e4c7d90) thrown at [/Users/java_re/workspace/8-2-build-macosx-x86_64/jdk8u151/9699/hotspot/src/share/vm/prims/jni.cpp, line 735]
Event: 8.420 Thread 0x00007ff752009000 Exception <a 'java/net/SocketTimeoutException': Read timed out> (0x000000076e4daa00) thrown at [/Users/java_re/workspace/8-2-build-macosx-x86_64/jdk8u151/9699/hotspot/src/share/vm/prims/jni.cpp, line 735]
Event: 8.468 Thread 0x00007ff752009000 Exception <a 'java/net/SocketTimeoutException': Read timed out> (0x000000076e4ed238) thrown at [/Users/java_re/workspace/8-2-build-macosx-x86_64/jdk8u151/9699/hotspot/src/share/vm/prims/jni.cpp, line 735]
Event: 8.482 Thread 0x00007ff752009000 Exception <a 'java/net/SocketTimeoutException': Read timed out> (0x000000076e4ff5d0) thrown at [/Users/java_re/workspace/8-2-build-macosx-x86_64/jdk8u151/9699/hotspot/src/share/vm/prims/jni.cpp, line 735]

Events (10 events):
Event: 8.480 Thread 0x00007ff752009000 DEOPT PACKING pc=0x000000011b0976dc sp=0x0000700000540b30
Event: 8.480 Thread 0x00007ff752009000 DEOPT UNPACKING pc=0x000000011ad48633 sp=0x0000700000540908 mode 1
Event: 9.900 Thread 0x00007ff752009000 DEOPT PACKING pc=0x000000011b0976dc sp=0x0000700000540b30
Event: 9.900 Thread 0x00007ff752009000 DEOPT UNPACKING pc=0x000000011ad48633 sp=0x0000700000540908 mode 1
Event: 9.901 loading class pages/ReservationPage
Event: 9.901 loading class pages/ReservationPage done
Event: 9.901 Thread 0x00007ff752009000 Uncommon trap: trap_request=0xffffffa7 fr.pc=0x000000011b22d49c
Event: 9.901 Thread 0x00007ff752009000 DEOPT PACKING pc=0x000000011b22d49c sp=0x0000700000540560
Event: 9.901 Thread 0x00007ff752009000 DEOPT UNPACKING pc=0x000000011ad06229 sp=0x0000700000540458 mode 2
Event: 9.915 Executing VM operation: ChangeBreakpoints


Dynamic libraries:
0x000000002f3b7000 	/System/Library/Frameworks/Cocoa.framework/Versions/A/Cocoa
0x000000002f3b7000 	/System/Library/Frameworks/Security.framework/Versions/A/Security
0x000000002f3b7000 	/System/Library/Frameworks/ApplicationServices.framework/Versions/A/ApplicationServices
0x000000002f3b7000 	/usr/lib/libz.1.dylib
0x000000002f3b7000 	/usr/lib/libSystem.B.dylib
0x000000002f3b7000 	/usr/lib/libobjc.A.dylib
0x000000002f3b7000 	/System/Library/Frameworks/CoreFoundation.framework/Versions/A/CoreFoundation
0x000000002f3b7000 	/System/Library/Frameworks/Foundation.framework/Versions/C/Foundation
0x000000002f3b7000 	/System/Library/Frameworks/AppKit.framework/Versions/C/AppKit
0x000000002f3b7000 	/System/Library/Frameworks/CoreData.framework/Versions/A/CoreData
0x000000002f3b7000 	/System/Library/PrivateFrameworks/RemoteViewServices.framework/Versions/A/RemoteViewServices
0x000000002f3b7000 	/System/Library/PrivateFrameworks/UIFoundation.framework/Versions/A/UIFoundation
0x000000002f3b7000 	/System/Library/PrivateFrameworks/DFRFoundation.framework/Versions/A/DFRFoundation
0x000000002f3b7000 	/System/Library/Frameworks/Metal.framework/Versions/A/Metal
0x000000002f3b7000 	/System/Library/PrivateFrameworks/DesktopServicesPriv.framework/Versions/A/DesktopServicesPriv
0x000000002f3b7000 	/usr/lib/libenergytrace.dylib
0x000000002f3b7000 	/System/Library/PrivateFrameworks/SkyLight.framework/Versions/A/SkyLight
0x000000002f3b7000 	/System/Library/Frameworks/CoreGraphics.framework/Versions/A/CoreGraphics
0x000000002f3b7000 	/usr/lib/libScreenReader.dylib
0x000000002f3b7000 	/System/Library/Frameworks/Accelerate.framework/Versions/A/Accelerate
0x000000002f3b7000 	/System/Library/Frameworks/IOSurface.framework/Versions/A/IOSurface
0x000000002f3b7000 	/System/Library/Frameworks/AudioToolbox.framework/Versions/A/AudioToolbox
0x000000002f3b7000 	/System/Library/Frameworks/AudioUnit.framework/Versions/A/AudioUnit
0x000000002f3b7000 	/System/Library/PrivateFrameworks/DataDetectorsCore.framework/Versions/A/DataDetectorsCore
0x000000002f3b7000 	/System/Library/Frameworks/Carbon.framework/Versions/A/Frameworks/HIToolbox.framework/Versions/A/HIToolbox
0x000000002f3b7000 	/usr/lib/libicucore.A.dylib
0x000000002f3b7000 	/System/Library/Frameworks/QuartzCore.framework/Versions/A/QuartzCore
0x000000002f3b7000 	/System/Library/PrivateFrameworks/SignpostNotification.framework/Versions/A/SignpostNotification
0x000000002f3b7000 	/System/Library/Frameworks/Carbon.framework/Versions/A/Frameworks/SpeechRecognition.framework/Versions/A/SpeechRecognition
0x000000002f3b7000 	/usr/lib/libauto.dylib
0x000000002f3b7000 	/usr/lib/libxml2.2.dylib
0x000000002f3b7000 	/System/Library/PrivateFrameworks/CoreUI.framework/Versions/A/CoreUI
0x000000002f3b7000 	/System/Library/Frameworks/CoreAudio.framework/Versions/A/CoreAudio
0x000000002f3b7000 	/System/Library/Frameworks/DiskArbitration.framework/Versions/A/DiskArbitration
0x000000002f3b7000 	/usr/lib/liblangid.dylib
0x000000002f3b7000 	/System/Library/PrivateFrameworks/MultitouchSupport.framework/Versions/A/MultitouchSupport
0x000000002f3b7000 	/System/Library/Frameworks/IOKit.framework/Versions/A/IOKit
0x000000002f3b7000 	/usr/lib/libDiagnosticMessagesClient.dylib
0x000000002f3b7000 	/System/Library/Frameworks/CoreServices.framework/Versions/A/CoreServices
0x000000002f3b7000 	/System/Library/PrivateFrameworks/PerformanceAnalysis.framework/Versions/A/PerformanceAnalysis
0x000000002f3b7000 	/System/Library/Frameworks/OpenGL.framework/Versions/A/OpenGL
0x000000002f3b7000 	/System/Library/Frameworks/ColorSync.framework/Versions/A/ColorSync
0x000000002f3b7000 	/System/Library/Frameworks/CoreImage.framework/Versions/A/CoreImage
0x000000002f3b7000 	/System/Library/Frameworks/CoreText.framework/Versions/A/CoreText
0x000000002f3b7000 	/System/Library/Frameworks/ImageIO.framework/Versions/A/ImageIO
0x000000002f3b7000 	/System/Library/PrivateFrameworks/Backup.framework/Versions/A/Backup
0x000000002f3b7000 	/usr/lib/libarchive.2.dylib
0x000000002f3b7000 	/System/Library/Frameworks/CFNetwork.framework/Versions/A/CFNetwork
0x000000002f3b7000 	/System/Library/Frameworks/SystemConfiguration.framework/Versions/A/SystemConfiguration
0x000000002f3b7000 	/usr/lib/libCRFSuite.dylib
0x000000002f3b7000 	/usr/lib/libc++.1.dylib
0x000000002f3b7000 	/usr/lib/libc++abi.dylib
0x000000002f3b7000 	/usr/lib/system/libcache.dylib
0x000000002f3b7000 	/usr/lib/system/libcommonCrypto.dylib
0x000000002f3b7000 	/usr/lib/system/libcompiler_rt.dylib
0x000000002f3b7000 	/usr/lib/system/libcopyfile.dylib
0x000000002f3b7000 	/usr/lib/system/libcorecrypto.dylib
0x000000002f3b7000 	/usr/lib/system/libdispatch.dylib
0x000000002f3b7000 	/usr/lib/system/libdyld.dylib
0x000000002f3b7000 	/usr/lib/system/libkeymgr.dylib
0x000000002f3b7000 	/usr/lib/system/liblaunch.dylib
0x000000002f3b7000 	/usr/lib/system/libmacho.dylib
0x000000002f3b7000 	/usr/lib/system/libquarantine.dylib
0x000000002f3b7000 	/usr/lib/system/libremovefile.dylib
0x000000002f3b7000 	/usr/lib/system/libsystem_asl.dylib
0x000000002f3b7000 	/usr/lib/system/libsystem_blocks.dylib
0x000000002f3b7000 	/usr/lib/system/libsystem_c.dylib
0x000000002f3b7000 	/usr/lib/system/libsystem_configuration.dylib
0x000000002f3b7000 	/usr/lib/system/libsystem_coreservices.dylib
0x000000002f3b7000 	/usr/lib/system/libsystem_darwin.dylib
0x000000002f3b7000 	/usr/lib/system/libsystem_dnssd.dylib
0x000000002f3b7000 	/usr/lib/system/libsystem_info.dylib
0x000000002f3b7000 	/usr/lib/system/libsystem_m.dylib
0x000000002f3b7000 	/usr/lib/system/libsystem_malloc.dylib
0x000000002f3b7000 	/usr/lib/system/libsystem_network.dylib
0x000000002f3b7000 	/usr/lib/system/libsystem_networkextension.dylib
0x000000002f3b7000 	/usr/lib/system/libsystem_notify.dylib
0x000000002f3b7000 	/usr/lib/system/libsystem_sandbox.dylib
0x000000002f3b7000 	/usr/lib/system/libsystem_secinit.dylib
0x000000002f3b7000 	/usr/lib/system/libsystem_kernel.dylib
0x000000002f3b7000 	/usr/lib/system/libsystem_platform.dylib
0x000000002f3b7000 	/usr/lib/system/libsystem_pthread.dylib
0x000000002f3b7000 	/usr/lib/system/libsystem_symptoms.dylib
0x000000002f3b7000 	/usr/lib/system/libsystem_trace.dylib
0x000000002f3b7000 	/usr/lib/system/libunwind.dylib
0x000000002f3b7000 	/usr/lib/system/libxpc.dylib
0x000000002f3b7000 	/usr/lib/closure/libclosured.dylib
0x000000002f3b7000 	/usr/lib/libbsm.0.dylib
0x000000002f3b7000 	/usr/lib/system/libkxld.dylib
0x000000002f3b7000 	/usr/lib/libOpenScriptingUtil.dylib
0x000000002f3b7000 	/usr/lib/libcoretls.dylib
0x000000002f3b7000 	/usr/lib/libcoretls_cfhelpers.dylib
0x000000002f3b7000 	/usr/lib/libpam.2.dylib
0x000000002f3b7000 	/usr/lib/libsqlite3.dylib
0x000000002f3b7000 	/usr/lib/libxar.1.dylib
0x000000002f3b7000 	/usr/lib/libbz2.1.0.dylib
0x000000002f3b7000 	/usr/lib/liblzma.5.dylib
0x000000002f3b7000 	/usr/lib/libnetwork.dylib
0x000000002f3b7000 	/usr/lib/libapple_nghttp2.dylib
0x000000002f3b7000 	/usr/lib/libpcap.A.dylib
0x000000002f3b7000 	/usr/lib/libboringssl.dylib
0x000000002f3b7000 	/usr/lib/libusrtcp.dylib
0x000000002f3b7000 	/usr/lib/libapple_crypto.dylib
0x000000002f3b7000 	/System/Library/Frameworks/CoreServices.framework/Versions/A/Frameworks/FSEvents.framework/Versions/A/FSEvents
0x000000002f3b7000 	/System/Library/Frameworks/CoreServices.framework/Versions/A/Frameworks/CarbonCore.framework/Versions/A/CarbonCore
0x000000002f3b7000 	/System/Library/Frameworks/CoreServices.framework/Versions/A/Frameworks/Metadata.framework/Versions/A/Metadata
0x000000002f3b7000 	/System/Library/Frameworks/CoreServices.framework/Versions/A/Frameworks/OSServices.framework/Versions/A/OSServices
0x000000002f3b7000 	/System/Library/Frameworks/CoreServices.framework/Versions/A/Frameworks/SearchKit.framework/Versions/A/SearchKit
0x000000002f3b7000 	/System/Library/Frameworks/CoreServices.framework/Versions/A/Frameworks/AE.framework/Versions/A/AE
0x000000002f3b7000 	/System/Library/Frameworks/CoreServices.framework/Versions/A/Frameworks/LaunchServices.framework/Versions/A/LaunchServices
0x000000002f3b7000 	/System/Library/Frameworks/CoreServices.framework/Versions/A/Frameworks/DictionaryServices.framework/Versions/A/DictionaryServices
0x000000002f3b7000 	/System/Library/Frameworks/CoreServices.framework/Versions/A/Frameworks/SharedFileList.framework/Versions/A/SharedFileList
0x000000002f3b7000 	/System/Library/Frameworks/NetFS.framework/Versions/A/NetFS
0x000000002f3b7000 	/System/Library/PrivateFrameworks/NetAuth.framework/Versions/A/NetAuth
0x000000002f3b7000 	/System/Library/PrivateFrameworks/login.framework/Versions/A/Frameworks/loginsupport.framework/Versions/A/loginsupport
0x000000002f3b7000 	/System/Library/PrivateFrameworks/TCC.framework/Versions/A/TCC
0x000000002f3b7000 	/usr/lib/libmecabra.dylib
0x000000002f3b7000 	/System/Library/Frameworks/ApplicationServices.framework/Versions/A/Frameworks/ATS.framework/Versions/A/ATS
0x000000002f3b7000 	/System/Library/Frameworks/ApplicationServices.framework/Versions/A/Frameworks/ColorSyncLegacy.framework/Versions/A/ColorSyncLegacy
0x000000002f3b7000 	/System/Library/Frameworks/ApplicationServices.framework/Versions/A/Frameworks/HIServices.framework/Versions/A/HIServices
0x000000002f3b7000 	/System/Library/Frameworks/ApplicationServices.framework/Versions/A/Frameworks/LangAnalysis.framework/Versions/A/LangAnalysis
0x000000002f3b7000 	/System/Library/Frameworks/ApplicationServices.framework/Versions/A/Frameworks/PrintCore.framework/Versions/A/PrintCore
0x000000002f3b7000 	/System/Library/Frameworks/ApplicationServices.framework/Versions/A/Frameworks/QD.framework/Versions/A/QD
0x000000002f3b7000 	/System/Library/Frameworks/ApplicationServices.framework/Versions/A/Frameworks/SpeechSynthesis.framework/Versions/A/SpeechSynthesis
0x000000002f3b7000 	/System/Library/Frameworks/CoreDisplay.framework/Versions/A/CoreDisplay
0x000000002f3b7000 	/System/Library/Frameworks/Accelerate.framework/Versions/A/Frameworks/vImage.framework/Versions/A/vImage
0x000000002f3b7000 	/System/Library/Frameworks/Accelerate.framework/Versions/A/Frameworks/vecLib.framework/Versions/A/vecLib
0x000000002f3b7000 	/System/Library/Frameworks/Accelerate.framework/Versions/A/Frameworks/vecLib.framework/Versions/A/libvDSP.dylib
0x000000002f3b7000 	/System/Library/Frameworks/Accelerate.framework/Versions/A/Frameworks/vecLib.framework/Versions/A/libBNNS.dylib
0x000000002f3b7000 	/System/Library/Frameworks/Accelerate.framework/Versions/A/Frameworks/vecLib.framework/Versions/A/libQuadrature.dylib
0x000000002f3b7000 	/System/Library/Frameworks/Accelerate.framework/Versions/A/Frameworks/vecLib.framework/Versions/A/libvMisc.dylib
0x000000002f3b7000 	/System/Library/Frameworks/Accelerate.framework/Versions/A/Frameworks/vecLib.framework/Versions/A/libLAPACK.dylib
0x000000002f3b7000 	/System/Library/Frameworks/Accelerate.framework/Versions/A/Frameworks/vecLib.framework/Versions/A/libBLAS.dylib
0x000000002f3b7000 	/System/Library/Frameworks/Accelerate.framework/Versions/A/Frameworks/vecLib.framework/Versions/A/libLinearAlgebra.dylib
0x000000002f3b7000 	/System/Library/Frameworks/Accelerate.framework/Versions/A/Frameworks/vecLib.framework/Versions/A/libSparse.dylib
0x000000002f3b7000 	/System/Library/Frameworks/Accelerate.framework/Versions/A/Frameworks/vecLib.framework/Versions/A/libSparseBLAS.dylib
0x000000002f3b7000 	/System/Library/PrivateFrameworks/GPUWrangler.framework/Versions/A/GPUWrangler
0x000000002f3b7000 	/System/Library/PrivateFrameworks/IOAccelerator.framework/Versions/A/IOAccelerator
0x000000002f3b7000 	/System/Library/PrivateFrameworks/IOPresentment.framework/Versions/A/IOPresentment
0x000000002f3b7000 	/System/Library/PrivateFrameworks/DSExternalDisplay.framework/Versions/A/DSExternalDisplay
0x000000002f3b7000 	/System/Library/Frameworks/OpenGL.framework/Versions/A/Libraries/libCoreFSCache.dylib
0x000000002f3b7000 	/System/Library/Frameworks/CoreVideo.framework/Versions/A/CoreVideo
0x000000002f3b7000 	/System/Library/PrivateFrameworks/GraphVisualizer.framework/Versions/A/GraphVisualizer
0x000000002f3b7000 	/System/Library/Frameworks/MetalPerformanceShaders.framework/Versions/A/MetalPerformanceShaders
0x000000002f3b7000 	/usr/lib/libFosl_dynamic.dylib
0x000000002f3b7000 	/System/Library/PrivateFrameworks/FaceCore.framework/Versions/A/FaceCore
0x000000002f3b7000 	/System/Library/Frameworks/OpenCL.framework/Versions/A/OpenCL
0x000000002f3b7000 	/usr/lib/libcompression.dylib
0x000000002f3b7000 	/System/Library/Frameworks/ApplicationServices.framework/Versions/A/Frameworks/ATS.framework/Versions/A/Resources/libFontParser.dylib
0x000000002f3b7000 	/System/Library/Frameworks/ApplicationServices.framework/Versions/A/Frameworks/ATS.framework/Versions/A/Resources/libFontRegistry.dylib
0x000000002f3b7000 	/System/Library/Frameworks/ImageIO.framework/Versions/A/Resources/libJPEG.dylib
0x000000002f3b7000 	/System/Library/Frameworks/ImageIO.framework/Versions/A/Resources/libTIFF.dylib
0x000000002f3b7000 	/System/Library/Frameworks/ImageIO.framework/Versions/A/Resources/libPng.dylib
0x000000002f3b7000 	/System/Library/Frameworks/ImageIO.framework/Versions/A/Resources/libGIF.dylib
0x000000002f3b7000 	/System/Library/Frameworks/ImageIO.framework/Versions/A/Resources/libJP2.dylib
0x000000002f3b7000 	/System/Library/Frameworks/ImageIO.framework/Versions/A/Resources/libRadiance.dylib
0x000000002f3b7000 	/System/Library/PrivateFrameworks/AppleJPEG.framework/Versions/A/AppleJPEG
0x000000002f3b7000 	/System/Library/Frameworks/MetalPerformanceShaders.framework/Frameworks/MPSCore.framework/Versions/A/MPSCore
0x000000002f3b7000 	/System/Library/Frameworks/MetalPerformanceShaders.framework/Frameworks/MPSImage.framework/Versions/A/MPSImage
0x000000002f3b7000 	/System/Library/Frameworks/MetalPerformanceShaders.framework/Frameworks/MPSNeuralNetwork.framework/Versions/A/MPSNeuralNetwork
0x000000002f3b7000 	/System/Library/Frameworks/MetalPerformanceShaders.framework/Frameworks/MPSMatrix.framework/Versions/A/MPSMatrix
0x000000002f3b7000 	/System/Library/PrivateFrameworks/MetalTools.framework/Versions/A/MetalTools
0x000000002f3b7000 	/System/Library/Frameworks/OpenGL.framework/Versions/A/Libraries/libGLU.dylib
0x000000002f3b7000 	/System/Library/Frameworks/OpenGL.framework/Versions/A/Libraries/libGFXShared.dylib
0x000000002f3b7000 	/System/Library/Frameworks/OpenGL.framework/Versions/A/Libraries/libGL.dylib
0x000000002f3b7000 	/System/Library/Frameworks/OpenGL.framework/Versions/A/Libraries/libGLImage.dylib
0x000000002f3b7000 	/System/Library/Frameworks/OpenGL.framework/Versions/A/Libraries/libCVMSPluginSupport.dylib
0x000000002f3b7000 	/System/Library/Frameworks/OpenGL.framework/Versions/A/Libraries/libCoreVMClient.dylib
0x000000002f3b7000 	/usr/lib/libcups.2.dylib
0x000000002f3b7000 	/System/Library/Frameworks/Kerberos.framework/Versions/A/Kerberos
0x000000002f3b7000 	/System/Library/Frameworks/GSS.framework/Versions/A/GSS
0x000000002f3b7000 	/usr/lib/libresolv.9.dylib
0x000000002f3b7000 	/usr/lib/libiconv.2.dylib
0x000000002f3b7000 	/System/Library/PrivateFrameworks/Heimdal.framework/Versions/A/Heimdal
0x000000002f3b7000 	/usr/lib/libheimdal-asn1.dylib
0x000000002f3b7000 	/System/Library/Frameworks/OpenDirectory.framework/Versions/A/OpenDirectory
0x000000002f3b7000 	/System/Library/PrivateFrameworks/CommonAuth.framework/Versions/A/CommonAuth
0x000000002f3b7000 	/System/Library/Frameworks/OpenDirectory.framework/Versions/A/Frameworks/CFOpenDirectory.framework/Versions/A/CFOpenDirectory
0x000000002f3b7000 	/System/Library/Frameworks/SecurityFoundation.framework/Versions/A/SecurityFoundation
0x000000002f3b7000 	/System/Library/PrivateFrameworks/APFS.framework/Versions/A/APFS
0x000000002f3b7000 	/usr/lib/libutil.dylib
0x000000002f3b7000 	/System/Library/PrivateFrameworks/AppleSauce.framework/Versions/A/AppleSauce
0x000000002f3b7000 	/System/Library/PrivateFrameworks/LinguisticData.framework/Versions/A/LinguisticData
0x000000002f3b7000 	/usr/lib/libmarisa.dylib
0x000000002f3b7000 	/System/Library/PrivateFrameworks/Lexicon.framework/Versions/A/Lexicon
0x000000002f3b7000 	/usr/lib/libChineseTokenizer.dylib
0x000000002f3b7000 	/usr/lib/libcmph.dylib
0x000000002f3b7000 	/System/Library/PrivateFrameworks/LanguageModeling.framework/Versions/A/LanguageModeling
0x000000002f3b7000 	/System/Library/PrivateFrameworks/CoreEmoji.framework/Versions/A/CoreEmoji
0x000000002f3b7000 	/System/Library/Frameworks/ServiceManagement.framework/Versions/A/ServiceManagement
0x000000002f3b7000 	/System/Library/PrivateFrameworks/BackgroundTaskManagement.framework/Versions/A/BackgroundTaskManagement
0x000000002f3b7000 	/usr/lib/libxslt.1.dylib
0x000000002f3b7000 	/System/Library/Frameworks/Carbon.framework/Versions/A/Frameworks/Ink.framework/Versions/A/Ink
0x000000002f3b7000 	/System/Library/PrivateFrameworks/TextureIO.framework/Versions/A/TextureIO
0x000000002f3b7000 	/usr/lib/libate.dylib
0x000000002f3b7000 	/System/Library/PrivateFrameworks/CrashReporterSupport.framework/Versions/A/CrashReporterSupport
0x000000002f3b7000 	/System/Library/PrivateFrameworks/Sharing.framework/Versions/A/Sharing
0x000000002f3b7000 	/System/Library/PrivateFrameworks/IconServices.framework/Versions/A/IconServices
0x000000002f3b7000 	/System/Library/PrivateFrameworks/Apple80211.framework/Versions/A/Apple80211
0x000000002f3b7000 	/System/Library/PrivateFrameworks/CoreUtils.framework/Versions/A/CoreUtils
0x000000002f3b7000 	/System/Library/Frameworks/CoreWLAN.framework/Versions/A/CoreWLAN
0x000000002f3b7000 	/System/Library/Frameworks/IOBluetooth.framework/Versions/A/IOBluetooth
0x000000002f3b7000 	/System/Library/PrivateFrameworks/ProtocolBuffer.framework/Versions/A/ProtocolBuffer
0x000000002f3b7000 	/System/Library/PrivateFrameworks/CoreWiFi.framework/Versions/A/CoreWiFi
0x000000002f3b7000 	/System/Library/Frameworks/CoreBluetooth.framework/Versions/A/CoreBluetooth
0x000000002f3b7000 	/System/Library/PrivateFrameworks/DebugSymbols.framework/Versions/A/DebugSymbols
0x000000002f3b7000 	/System/Library/PrivateFrameworks/CoreSymbolication.framework/Versions/A/CoreSymbolication
0x000000002f3b7000 	/System/Library/PrivateFrameworks/Symbolication.framework/Versions/A/Symbolication
0x000000002f3b7000 	/System/Library/PrivateFrameworks/AppleFSCompression.framework/Versions/A/AppleFSCompression
0x000000002f3b7000 	/System/Library/PrivateFrameworks/SpeechRecognitionCore.framework/Versions/A/SpeechRecognitionCore
0x000000010ce00000 	/Library/Java/JavaVirtualMachines/jdk1.8.0_151.jdk/Contents/Home/jre/lib/server/libjvm.dylib
0x000000002f3b7000 	/usr/lib/libstdc++.6.0.9.dylib
0x000000010c4a9000 	/Library/Java/JavaVirtualMachines/jdk1.8.0_151.jdk/Contents/Home/jre/lib/libverify.dylib
0x000000010c4b7000 	/Library/Java/JavaVirtualMachines/jdk1.8.0_151.jdk/Contents/Home/jre/lib/libjava.dylib
0x000000010c4ed000 	/Library/Java/JavaVirtualMachines/jdk1.8.0_151.jdk/Contents/Home/jre/lib/libjdwp.dylib
0x000000010c538000 	/Library/Java/JavaVirtualMachines/jdk1.8.0_151.jdk/Contents/Home/jre/lib/libnpt.dylib
0x000000010c585000 	/Library/Java/JavaVirtualMachines/jdk1.8.0_151.jdk/Contents/Home/jre/lib/libzip.dylib
0x000000002f3b7000 	/System/Library/Frameworks/JavaVM.framework/Versions/A/Frameworks/JavaRuntimeSupport.framework/Versions/A/JavaRuntimeSupport
0x000000002f3b7000 	/System/Library/Frameworks/JavaVM.framework/Versions/A/Frameworks/JavaNativeFoundation.framework/Versions/A/JavaNativeFoundation
0x000000002f3b7000 	/System/Library/Frameworks/JavaVM.framework/Versions/A/JavaVM
0x000000002f3b7000 	/System/Library/Frameworks/Carbon.framework/Versions/A/Carbon
0x000000002f3b7000 	/System/Library/PrivateFrameworks/JavaLaunching.framework/Versions/A/JavaLaunching
0x000000002f3b7000 	/System/Library/Frameworks/Carbon.framework/Versions/A/Frameworks/CommonPanels.framework/Versions/A/CommonPanels
0x000000002f3b7000 	/System/Library/Frameworks/Carbon.framework/Versions/A/Frameworks/Help.framework/Versions/A/Help
0x000000002f3b7000 	/System/Library/Frameworks/Carbon.framework/Versions/A/Frameworks/ImageCapture.framework/Versions/A/ImageCapture
0x000000002f3b7000 	/System/Library/Frameworks/Carbon.framework/Versions/A/Frameworks/OpenScripting.framework/Versions/A/OpenScripting
0x000000002f3b7000 	/System/Library/Frameworks/Carbon.framework/Versions/A/Frameworks/Print.framework/Versions/A/Print
0x000000002f3b7000 	/System/Library/Frameworks/Carbon.framework/Versions/A/Frameworks/SecurityHI.framework/Versions/A/SecurityHI
0x000000011ab37000 	/Library/Java/JavaVirtualMachines/jdk1.8.0_151.jdk/Contents/Home/jre/lib/libdt_socket.dylib
0x000000012a082000 	/Library/Java/JavaVirtualMachines/jdk1.8.0_151.jdk/Contents/Home/jre/lib/libnet.dylib
0x0000000129e13000 	/Library/Java/JavaVirtualMachines/jdk1.8.0_151.jdk/Contents/Home/jre/lib/libnio.dylib
0x0000000129e28000 	/Library/Java/JavaVirtualMachines/jdk1.8.0_151.jdk/Contents/Home/jre/lib/libsunec.dylib

VM Arguments:
jvm_args: -agentlib:jdwp=transport=dt_socket,suspend=y,address=localhost:60149 -ea -Dfile.encoding=UTF-8 
java_command: org.testng.remote.RemoteTestNG -serport 60148 -protocol json -d /Users/ceroshjacob/eclipse-workspace/BDDFrameWorkPOM/test-output /var/folders/sp/yvnh4fgs5d744shh21p9bq2c0000gn/T/testng-eclipse--1081778668/testng-customsuite.xml
java_class_path (initial): /Users/ceroshjacob/Applications/eclipse/java-oxygen/Eclipse.app/Contents/Eclipse/configuration/org.eclipse.osgi/1191/0/.cp/lib/testng-remote.jar:/Library/Java/JavaVirtualMachines/jdk1.8.0_151.jdk/Contents/Home/jre/lib/resources.jar:/Library/Java/JavaVirtualMachines/jdk1.8.0_151.jdk/Contents/Home/jre/lib/rt.jar:/Library/Java/JavaVirtualMachines/jdk1.8.0_151.jdk/Contents/Home/jre/lib/jsse.jar:/Library/Java/JavaVirtualMachines/jdk1.8.0_151.jdk/Contents/Home/jre/lib/jce.jar:/Library/Java/JavaVirtualMachines/jdk1.8.0_151.jdk/Contents/Home/jre/lib/charsets.jar:/Library/Java/JavaVirtualMachines/jdk1.8.0_151.jdk/Contents/Home/jre/lib/jfr.jar:/Library/Java/JavaVirtualMachines/jdk1.8.0_151.jdk/Contents/Home/jre/lib/ext/sunec.jar:/Library/Java/JavaVirtualMachines/jdk1.8.0_151.jdk/Contents/Home/jre/lib/ext/nashorn.jar:/Library/Java/JavaVirtualMachines/jdk1.8.0_151.jdk/Contents/Home/jre/lib/ext/cldrdata.jar:/Library/Java/JavaVirtualMachines/jdk1.8.0_151.jdk/Contents/Home/jre/lib/ext/jfxrt.jar:/Library/Java/JavaVirtualMachines/jdk1.8.0_151.jdk/Contents/Home/jre/lib/ext/dnsns.jar:/Library/Java/JavaVirtualMachines/jdk1.8.0_151.jdk/Contents/Home/jre/lib/ext/localedata.jar:/Library/Java/JavaVirtualMachines/jdk1.8.0_151.jdk/Contents/Home/jre/lib/ext/sunjce_provider.jar:/Library/Java/JavaVirtualMachines/jdk1.8.0_151.jdk/Contents/Home/jre/lib/ext/sunpkcs11.jar:/Library/Java/JavaVirtualMachines/jdk1.8.0_151.jdk/Contents/Home/jre/lib/ext/jaccess.jar:/Library/Java/JavaVirtualMachines/jdk1.8.0_151.jdk/Contents/Home/jre/lib/ext/zipfs.jar:/System/Library/Java/Extensions/MRJToolkit.jar:/Users/ceroshjacob/eclipse-workspace/BDDFrameWorkPOM/target/test-classes:/Users/ceroshjacob/eclipse-workspace/BDDFrameWorkPOM/target/classes:/Users/ceroshjacob/.m2/repository/org/seleniumhq/selenium/selenium-java/3.4.0/selenium-java-3.4.0.jar:/Users/ceroshjacob/.m2/repository/org/seleniumhq/selenium/selenium-api/3.4.0/selenium-api-3.4.0.jar:/Users/ceroshjacob/.m2/repository/org/selen
Launcher Type: SUN_STANDARD

Environment Variables:
PATH=/usr/bin:/bin:/usr/sbin:/sbin
SHELL=/bin/bash

Signal Handlers:
SIGSEGV: [libjvm.dylib+0x5b27a5], sa_mask[0]=11111111011111110111111111111111, sa_flags=SA_ONSTACK|SA_RESTART|SA_SIGINFO
SIGBUS: [libjvm.dylib+0x5b27a5], sa_mask[0]=11111111011111110111111111111111, sa_flags=SA_RESTART|SA_SIGINFO
SIGFPE: [libjvm.dylib+0x4891c4], sa_mask[0]=11111111011111110111111111111111, sa_flags=SA_RESTART|SA_SIGINFO
SIGPIPE: [libjvm.dylib+0x4891c4], sa_mask[0]=11111111011111110111111111111111, sa_flags=SA_RESTART|SA_SIGINFO
SIGXFSZ: [libjvm.dylib+0x4891c4], sa_mask[0]=11111111011111110111111111111111, sa_flags=SA_RESTART|SA_SIGINFO
SIGILL: [libjvm.dylib+0x4891c4], sa_mask[0]=11111111011111110111111111111111, sa_flags=SA_RESTART|SA_SIGINFO
SIGUSR1: SIG_DFL, sa_mask[0]=00000000000000000000000000000000, sa_flags=none
SIGUSR2: [libjvm.dylib+0x488ce2], sa_mask[0]=00100000000000000000000000000000, sa_flags=SA_RESTART|SA_SIGINFO
SIGHUP: [libjvm.dylib+0x4872b9], sa_mask[0]=11111111011111110111111111111111, sa_flags=SA_RESTART|SA_SIGINFO
SIGINT: [libjvm.dylib+0x4872b9], sa_mask[0]=11111111011111110111111111111111, sa_flags=SA_RESTART|SA_SIGINFO
SIGTERM: [libjvm.dylib+0x4872b9], sa_mask[0]=11111111011111110111111111111111, sa_flags=SA_RESTART|SA_SIGINFO
SIGQUIT: [libjvm.dylib+0x4872b9], sa_mask[0]=11111111011111110111111111111111, sa_flags=SA_RESTART|SA_SIGINFO


---------------  S Y S T E M  ---------------

OS:Bsduname:Darwin 17.5.0 Darwin Kernel Version 17.5.0: Fri Apr 13 19:32:32 PDT 2018; root:xnu-4570.51.2~1/RELEASE_X86_64 x86_64
rlimit: STACK 8192k, CORE 0k, NPROC 1418, NOFILE 10240, AS infinity
load average:1.82 1.48 1.43

CPU:total 4 (initial active 4) (2 cores per cpu, 2 threads per core) family 6 model 142 stepping 9, cmov, cx8, fxsr, mmx, sse, sse2, sse3, ssse3, sse4.1, sse4.2, popcnt, avx, avx2, aes, clmul, erms, rtm, 3dnowpref, lzcnt, ht, tsc, tscinvbit, bmi1, bmi2, adx

Memory: 4k page, physical 16777216k(1919656k free)

/proc/meminfo:


vm_info: Java HotSpot(TM) 64-Bit Server VM (25.151-b12) for bsd-amd64 JRE (1.8.0_151-b12), built on Sep  5 2017 19:37:08 by "java_re" with gcc 4.2.1 (Based on Apple Inc. build 5658) (LLVM build 2336.11.00)

time: Sat Jun  2 20:47:06 2018
elapsed time: 9 seconds (0d 0h 0m 9s)

